{"logTime": "0510/143712", "correlationVector":"1m/m+Jwl+SBPxJ1M5oe+72.0","action":"FeedSettingFetch_homeCloud", "result":"0", "context":{}}
{"logTime": "0510/143712", "correlationVector":"1m/m+Jwl+SBPxJ1M5oe+72.0","action":"SyncServerConnectionManagerRequest", "result":"SYNC_SERVER_OK", "context":{"environment":"", "migrationStage":"", "server":""}}
{"logTime": "0510/143716", "correlationVector":"jqdQm1cIVdSAhMjBCKB3Ce.1","action":"SyncServerConnectionManagerRequest", "result":"SYNC_SERVER_OK", "context":{"environment":"Prod_SoutheastAsia_000j", "migrationStage":"NotStarted", "server":"GENERAL0100000X"}}
{"logTime": "0510/143717", "correlationVector":"jqdQm1cIVdSAhMjBCKB3Ce","action":"Initial GetUpdates", "result":"", "context":Reason: NEW_CLIENT. cV=jqdQm1cIVdSAhMjBCKB3Ce}
{"logTime": "0510/143719", "correlationVector":"jqdQm1cIVdSAhMjBCKB3Ce.2","action":"GetUpdates Response", "result":"SYNCER_OK", "context":Received 1 update(s). cV=jqdQm1cIVdSAhMjBCKB3Ce.0;server=GENERAL0100000X;cloudType=Consumer;environment=Prod_SoutheastAsia_000j;migrationStage=NotStarted}
{"logTime": "0510/143719", "correlationVector":"qGLHbSWE3Xn9n6CRYPNWxQ","action":"Initial GetUpdates", "result":"", "context":Reason: NEW_CLIENT. cV=qGLHbSWE3Xn9n6CRYPNWxQ}
{"logTime": "0510/143719", "correlationVector":"qGLHbSWE3Xn9n6CRYPNWxQ.1","action":"SyncServerConnectionManagerRequest", "result":"SYNC_SERVER_OK", "context":{"environment":"Prod_SoutheastAsia_000j", "migrationStage":"NotStarted", "server":"GENERAL0100000J"}}
{"logTime": "0510/143719", "correlationVector":"qGLHbSWE3Xn9n6CRYPNWxQ.2","action":"GetUpdates Response", "result":"SYNCER_OK", "context":Received 2 update(s). cV=qGLHbSWE3Xn9n6CRYPNWxQ.0;server=GENERAL0100000J;cloudType=Consumer;environment=Prod_SoutheastAsia_000j;migrationStage=NotStarted}
{"logTime": "0510/143719", "correlationVector":"SSzviQyg8Vz0byZEa11trv","action":"Normal GetUpdate request", "result":"", "context":cV=SSzviQyg8Vz0byZEa11trv
Nudged types: Device Info, User Consents
Refresh requested types: Device Info, User Consents, Send Tab To Self, Encryption Keys}
{"logTime": "0510/143719", "correlationVector":"SSzviQyg8Vz0byZEa11trv.1","action":"SyncServerConnectionManagerRequest", "result":"SYNC_SERVER_OK", "context":{"environment":"Prod_SoutheastAsia_000j", "migrationStage":"NotStarted", "server":"GENERAL0100000G"}}
{"logTime": "0510/143719", "correlationVector":"SSzviQyg8Vz0byZEa11trv.2","action":"GetUpdates Response", "result":"SYNCER_OK", "context":Received 0 update(s). cV=SSzviQyg8Vz0byZEa11trv.0;server=GENERAL0100000G;cloudType=Consumer;environment=Prod_SoutheastAsia_000j;migrationStage=NotStarted}
{"logTime": "0510/143719", "correlationVector":"KH4N/9MyGTYt/fPvzFqs8r","action":"Commit Request", "result":"", "context":Item count: 1
Contributing types: Device Info}
{"logTime": "0510/143723", "correlationVector":"KH4N/9MyGTYt/fPvzFqs8r.1","action":"SyncServerConnectionManagerRequest", "result":"SYNC_SERVER_OK", "context":{"environment":"Prod_SoutheastAsia_000j", "migrationStage":"NotStarted", "server":"GENERAL0100000W"}}
{"logTime": "0510/143724", "correlationVector":"KH4N/9MyGTYt/fPvzFqs8r.2","action":"Commit Response", "result":"SYNCER_OK", "context":Result: SYNCER_OK. cV=KH4N/9MyGTYt/fPvzFqs8r.0;server=GENERAL0100000W;cloudType=Consumer;environment=Prod_SoutheastAsia_000j;migrationStage=NotStarted}
{"logTime": "0510/143725", "correlationVector":"S0FsF/1wKE8lm7aOiauHgy","action":"Commit Request", "result":"", "context":Item count: 2
Contributing types: User Consents}
{"logTime": "0510/143725", "correlationVector":"S0FsF/1wKE8lm7aOiauHgy.1","action":"SyncServerConnectionManagerRequest", "result":"SYNC_SERVER_OK", "context":{"environment":"Prod_SoutheastAsia_000j", "migrationStage":"NotStarted", "server":"GENERAL01000000"}}
{"logTime": "0510/143725", "correlationVector":"S0FsF/1wKE8lm7aOiauHgy.2","action":"Commit Response", "result":"SYNCER_OK", "context":Result: SYNCER_OK. cV=S0FsF/1wKE8lm7aOiauHgy.0;server=GENERAL01000000;cloudType=Consumer;environment=Prod_SoutheastAsia_000j;migrationStage=NotStarted}
{"logTime": "0510/143725", "correlationVector":"xxZKlg+YzqXYXrFUj3hrcy","action":"Normal GetUpdate request", "result":"", "context":cV=xxZKlg+YzqXYXrFUj3hrcy
Nudged types: Device Info}
{"logTime": "0510/143726", "correlationVector":"xxZKlg+YzqXYXrFUj3hrcy.1","action":"SyncServerConnectionManagerRequest", "result":"SYNC_SERVER_OK", "context":{"environment":"Prod_SoutheastAsia_000j", "migrationStage":"NotStarted", "server":"GENERAL0100000M"}}
{"logTime": "0510/143726", "correlationVector":"xxZKlg+YzqXYXrFUj3hrcy.2","action":"GetUpdates Response", "result":"SYNCER_OK", "context":Received 1 update(s). cV=xxZKlg+YzqXYXrFUj3hrcy.0;server=GENERAL0100000M;cloudType=Consumer;environment=Prod_SoutheastAsia_000j;migrationStage=NotStarted}
{"logTime": "0510/143924", "correlationVector":"DYidVL0gHx0/1jl5ABkuid.0","action":"FeedSettingFetch_homeCloud", "result":"0", "context":{}}
{"logTime": "0510/143924", "correlationVector":"lTOiy4F9z3m4tx8l4ywrPM.1","action":"SyncServerConnectionManagerRequest", "result":"SYNC_SERVER_OK", "context":{"environment":"Prod_SoutheastAsia_000j", "migrationStage":"NotStarted", "server":"GENERAL0100000O"}}
{"logTime": "0510/143924", "correlationVector":"lTOiy4F9z3m4tx8l4ywrPM","action":"Initial GetUpdates", "result":"", "context":Reason: NEW_CLIENT. cV=lTOiy4F9z3m4tx8l4ywrPM}
{"logTime": "0510/143924", "correlationVector":"lTOiy4F9z3m4tx8l4ywrPM.2","action":"GetUpdates Response", "result":"SYNCER_OK", "context":Received 1 update(s). cV=lTOiy4F9z3m4tx8l4ywrPM.0;server=GENERAL0100000O;cloudType=Consumer;environment=Prod_SoutheastAsia_000j;migrationStage=NotStarted}
{"logTime": "0510/143924", "correlationVector":"d6oJpnIWxBJcNkBtYq2EHz","action":"Normal GetUpdate request", "result":"", "context":cV=d6oJpnIWxBJcNkBtYq2EHz
Nudged types: User Consents
Refresh requested types: Device Info, User Consents, Send Tab To Self, Encryption Keys}
{"logTime": "0510/143924", "correlationVector":"d6oJpnIWxBJcNkBtYq2EHz.1","action":"SyncServerConnectionManagerRequest", "result":"SYNC_SERVER_OK", "context":{"environment":"Prod_SoutheastAsia_000j", "migrationStage":"NotStarted", "server":"GENERAL0100001I"}}
{"logTime": "0510/143924", "correlationVector":"d6oJpnIWxBJcNkBtYq2EHz.2","action":"GetUpdates Response", "result":"SYNCER_OK", "context":Received 0 update(s). cV=d6oJpnIWxBJcNkBtYq2EHz.0;server=GENERAL0100001I;cloudType=Consumer;environment=Prod_SoutheastAsia_000j;migrationStage=NotStarted}
{"logTime": "0510/143924", "correlationVector":"bG3IEZcQOa0M6VPLXdEaAb","action":"Commit Request", "result":"", "context":Item count: 1
Contributing types: User Consents}
{"logTime": "0510/143924", "correlationVector":"bG3IEZcQOa0M6VPLXdEaAb.1","action":"SyncServerConnectionManagerRequest", "result":"SYNC_SERVER_OK", "context":{"environment":"Prod_SoutheastAsia_000j", "migrationStage":"NotStarted", "server":"GENERAL01000004"}}
{"logTime": "0510/143924", "correlationVector":"bG3IEZcQOa0M6VPLXdEaAb.2","action":"Commit Response", "result":"SYNCER_OK", "context":Result: SYNCER_OK. cV=bG3IEZcQOa0M6VPLXdEaAb.0;server=GENERAL01000004;cloudType=Consumer;environment=Prod_SoutheastAsia_000j;migrationStage=NotStarted}
{"logTime": "0510/143924", "correlationVector":"fwxnTbDThkulS67d+iq1eO","action":"SyncServerConnectionManagerRequest", "result":"SYNC_SERVER_OK", "context":{"environment":"", "migrationStage":"", "server":""}}
{"logTime": "0510/143924", "correlationVector":"mBE4ny6KOp7rkQMlbhDM8d","action":"Normal GetUpdate request", "result":"", "context":cV=mBE4ny6KOp7rkQMlbhDM8d
Refresh requested types: Encryption Keys}
{"logTime": "0510/143924", "correlationVector":"mBE4ny6KOp7rkQMlbhDM8d.1","action":"SyncServerConnectionManagerRequest", "result":"SYNC_SERVER_OK", "context":{"environment":"Prod_SoutheastAsia_000j", "migrationStage":"NotStarted", "server":"GENERAL0100000M"}}
{"logTime": "0510/143925", "correlationVector":"mBE4ny6KOp7rkQMlbhDM8d.2","action":"GetUpdates Response", "result":"SYNCER_OK", "context":Received 3 update(s). cV=mBE4ny6KOp7rkQMlbhDM8d.0;server=GENERAL0100000M;cloudType=Consumer;environment=Prod_SoutheastAsia_000j;migrationStage=NotStarted}
{"logTime": "0510/143925", "correlationVector":"0ZPQ1HaJZfayk79NclmJWe","action":"Normal GetUpdate request", "result":"", "context":cV=0ZPQ1HaJZfayk79NclmJWe
Refresh requested types: Device Info, User Consents, Send Tab To Self, Encryption Keys}
{"logTime": "0510/143925", "correlationVector":"0ZPQ1HaJZfayk79NclmJWe.1","action":"SyncServerConnectionManagerRequest", "result":"SYNC_SERVER_OK", "context":{"environment":"Prod_SoutheastAsia_000j", "migrationStage":"NotStarted", "server":"GENERAL01000017"}}
{"logTime": "0510/143925", "correlationVector":"0ZPQ1HaJZfayk79NclmJWe.2","action":"GetUpdates Response", "result":"SYNCER_OK", "context":Received 0 update(s). cV=0ZPQ1HaJZfayk79NclmJWe.0;server=GENERAL01000017;cloudType=Consumer;environment=Prod_SoutheastAsia_000j;migrationStage=NotStarted}
{"logTime": "0510/143927", "correlationVector":"Isv/H92L80oxZvuDAlpi4t","action":"Initial GetUpdates", "result":"", "context":Reason: RECONFIGURATION. cV=Isv/H92L80oxZvuDAlpi4t}
{"logTime": "0510/143930", "correlationVector":"Isv/H92L80oxZvuDAlpi4t.1","action":"SyncServerConnectionManagerRequest", "result":"SYNC_SERVER_OK", "context":{"environment":"Prod_SoutheastAsia_000j", "migrationStage":"NotStarted", "server":"GENERAL01000000"}}
{"logTime": "0510/143930", "correlationVector":"Isv/H92L80oxZvuDAlpi4t.2","action":"GetUpdates Response", "result":"SYNCER_OK", "context":Received 25 update(s). cV=Isv/H92L80oxZvuDAlpi4t.0;server=GENERAL01000000;cloudType=Consumer;environment=Prod_SoutheastAsia_000j;migrationStage=NotStarted}
{"logTime": "0510/143930", "correlationVector":"b9YOpi5vuC4G3jzGEp3GOW","action":"Initial GetUpdates", "result":"", "context":Reason: RECONFIGURATION. cV=b9YOpi5vuC4G3jzGEp3GOW}
{"logTime": "0510/143931", "correlationVector":"b9YOpi5vuC4G3jzGEp3GOW.1","action":"SyncServerConnectionManagerRequest", "result":"SYNC_SERVER_OK", "context":{"environment":"Prod_SoutheastAsia_000j", "migrationStage":"NotStarted", "server":"GENERAL0100000V"}}
{"logTime": "0510/143931", "correlationVector":"b9YOpi5vuC4G3jzGEp3GOW.2","action":"GetUpdates Response", "result":"SYNCER_OK", "context":Received 5 update(s). cV=b9YOpi5vuC4G3jzGEp3GOW.0;server=GENERAL0100000V;cloudType=Consumer;environment=Prod_SoutheastAsia_000j;migrationStage=NotStarted}
{"logTime": "0510/143931", "correlationVector":"+lo/w2Onbcq+beVDuVSxjb","action":"Initial GetUpdates", "result":"", "context":Reason: RECONFIGURATION. cV=+lo/w2Onbcq+beVDuVSxjb}
{"logTime": "0510/143932", "correlationVector":"+lo/w2Onbcq+beVDuVSxjb.1","action":"SyncServerConnectionManagerRequest", "result":"SYNC_SERVER_OK", "context":{"environment":"Prod_SoutheastAsia_000j", "migrationStage":"NotStarted", "server":"GENERAL0100000A"}}
{"logTime": "0510/143932", "correlationVector":"+lo/w2Onbcq+beVDuVSxjb.2","action":"GetUpdates", "result":"DeleteReceived", "context":{"id":"58e50184-9674-4256-8bc2-02af8868dec7", "isDeleted:":"true", "version":"1679981011569"}}
{"logTime": "0510/143932", "correlationVector":"+lo/w2Onbcq+beVDuVSxjb.3","action":"GetUpdates", "result":"DeleteReceived", "context":{"id":"5a314670-c543-40de-8406-2ee26fde6759", "isDeleted:":"true", "version":"1680093120053"}}
{"logTime": "0510/143932", "correlationVector":"+lo/w2Onbcq+beVDuVSxjb.4","action":"GetUpdates", "result":"DeleteReceived", "context":{"id":"d06c9727-6433-4e3d-8767-b5cc2aa4dcad", "isDeleted:":"true", "version":"1680093120054"}}
{"logTime": "0510/143932", "correlationVector":"+lo/w2Onbcq+beVDuVSxjb.5","action":"GetUpdates", "result":"DeleteReceived", "context":{"id":"5461bf30-7ddd-4974-9de3-188fcf92ec01", "isDeleted:":"true", "version":"1680166444521"}}
{"logTime": "0510/143932", "correlationVector":"+lo/w2Onbcq+beVDuVSxjb.6","action":"GetUpdates", "result":"DeleteReceived", "context":{"id":"accbfd00-b75d-4f2d-b2bd-57e16f0bbf6d", "isDeleted:":"true", "version":"1680237027061"}}
{"logTime": "0510/143932", "correlationVector":"+lo/w2Onbcq+beVDuVSxjb.7","action":"GetUpdates", "result":"DeleteReceived", "context":{"id":"b309cdb4-61d5-45b6-a16d-aebc6aed69a7", "isDeleted:":"true", "version":"1680490244485"}}
{"logTime": "0510/143932", "correlationVector":"+lo/w2Onbcq+beVDuVSxjb.8","action":"GetUpdates", "result":"DeleteReceived", "context":{"id":"b49464c7-aea6-4e92-9834-76d49610f0ec", "isDeleted:":"true", "version":"1680490244486"}}
{"logTime": "0510/143932", "correlationVector":"+lo/w2Onbcq+beVDuVSxjb.9","action":"GetUpdates", "result":"DeleteReceived", "context":{"id":"75f5658a-b1b1-4d57-a6cc-b2783a9af79c", "isDeleted:":"true", "version":"1681456138516"}}
{"logTime": "0510/143932", "correlationVector":"+lo/w2Onbcq+beVDuVSxjb.10","action":"GetUpdates", "result":"DeleteReceived", "context":{"id":"ab31be2f-ffc3-4182-9848-6f23a65e782a", "isDeleted:":"true", "version":"1683204235538"}}
{"logTime": "0510/143932", "correlationVector":"+lo/w2Onbcq+beVDuVSxjb.11","action":"GetUpdates", "result":"DeleteReceived", "context":{"id":"5f53b99b-6491-4376-bbc4-48cf3e925663", "isDeleted:":"true", "version":"1683204235539"}}
{"logTime": "0510/143932", "correlationVector":"+lo/w2Onbcq+beVDuVSxjb.12","action":"GetUpdates", "result":"DeleteReceived", "context":{"id":"2710b8d5-14eb-49d3-9574-14fdf99431db", "isDeleted:":"true", "version":"1683204235540"}}
{"logTime": "0510/143932", "correlationVector":"+lo/w2Onbcq+beVDuVSxjb.13","action":"GetUpdates", "result":"DeleteReceived", "context":{"id":"c8fa275d-cfd4-45d2-85a2-0c24592bd3a4", "isDeleted:":"true", "version":"1683611723332"}}
{"logTime": "0510/143932", "correlationVector":"+lo/w2Onbcq+beVDuVSxjb.14","action":"GetUpdates", "result":"DeleteReceived", "context":{"id":"13017200-68b9-4b80-b18a-9c389c93880e", "isDeleted:":"true", "version":"1683621365765"}}
{"logTime": "0510/143932", "correlationVector":"+lo/w2Onbcq+beVDuVSxjb.15","action":"GetUpdates", "result":"DeleteReceived", "context":{"id":"85645573-aa6b-4871-b3c5-5692980e458f", "isDeleted:":"true", "version":"1683621365767"}}
{"logTime": "0510/143932", "correlationVector":"+lo/w2Onbcq+beVDuVSxjb.16","action":"GetUpdates", "result":"DeleteReceived", "context":{"id":"3a07d135-0a56-408d-bfe9-3807ebc22710", "isDeleted:":"true", "version":"1683621365768"}}
{"logTime": "0510/143932", "correlationVector":"+lo/w2Onbcq+beVDuVSxjb.17","action":"GetUpdates", "result":"DeleteReceived", "context":{"id":"97955361-14d6-4b10-b44c-6439e1f18a71", "isDeleted:":"true", "version":"1683621365769"}}
{"logTime": "0510/143932", "correlationVector":"+lo/w2Onbcq+beVDuVSxjb.18","action":"GetUpdates", "result":"DeleteReceived", "context":{"id":"8dbb42ee-d45d-472c-984d-5dc6e8bdedd5", "isDeleted:":"true", "version":"1683621365770"}}
{"logTime": "0510/143932", "correlationVector":"+lo/w2Onbcq+beVDuVSxjb.19","action":"GetUpdates Response", "result":"SYNCER_OK", "context":Received 40 update(s). cV=+lo/w2Onbcq+beVDuVSxjb.0;server=GENERAL0100000A;cloudType=Consumer;environment=Prod_SoutheastAsia_000j;migrationStage=NotStarted}
{"logTime": "0510/143932", "correlationVector":"n/WrtA2cFhznRdp92+YaQo","action":"Normal GetUpdate request", "result":"", "context":cV=n/WrtA2cFhznRdp92+YaQo
Nudged types: Sessions, Device Info
Refresh requested types: Bookmarks, Preferences, Passwords, Autofill Profiles, Autofill, Autofill Custom Data, Typed URLs, Extensions, Sessions, Extension settings, History Delete Directives, Device Info, User Consents, Send Tab To Self, Web Apps, Collection, Edge E Drop, Encryption Keys}
{"logTime": "0510/143933", "correlationVector":"n/WrtA2cFhznRdp92+YaQo.1","action":"SyncServerConnectionManagerRequest", "result":"SYNC_SERVER_OK", "context":{"environment":"Prod_SoutheastAsia_000j", "migrationStage":"NotStarted", "server":"GENERAL01000010"}}
{"logTime": "0510/143933", "correlationVector":"n/WrtA2cFhznRdp92+YaQo.2","action":"GetUpdates Response", "result":"SYNCER_OK", "context":Received 0 update(s). cV=n/WrtA2cFhznRdp92+YaQo.0;server=GENERAL01000010;cloudType=Consumer;environment=Prod_SoutheastAsia_000j;migrationStage=NotStarted}
{"logTime": "0510/143933", "correlationVector":"x+HEJt51qCwoBB0LixsiD9","action":"Commit Request", "result":"", "context":Item count: 1
Contributing types: Device Info}
{"logTime": "0510/143934", "correlationVector":"x+HEJt51qCwoBB0LixsiD9.1","action":"SyncServerConnectionManagerRequest", "result":"SYNC_SERVER_OK", "context":{"environment":"Prod_SoutheastAsia_000j", "migrationStage":"NotStarted", "server":"GENERAL0100000Y"}}
{"logTime": "0510/143934", "correlationVector":"x+HEJt51qCwoBB0LixsiD9.2","action":"Commit Response", "result":"SYNCER_OK", "context":Result: SYNCER_OK. cV=x+HEJt51qCwoBB0LixsiD9.0;server=GENERAL0100000Y;cloudType=Consumer;environment=Prod_SoutheastAsia_000j;migrationStage=NotStarted}
{"logTime": "0510/143934", "correlationVector":"ug4mPFalDsm3Uqkd1eACy4","action":"Commit Request", "result":"", "context":Item count: 2
Contributing types: Sessions}
{"logTime": "0510/143935", "correlationVector":"ug4mPFalDsm3Uqkd1eACy4.1","action":"SyncServerConnectionManagerRequest", "result":"SYNC_SERVER_OK", "context":{"environment":"Prod_SoutheastAsia_000j", "migrationStage":"NotStarted", "server":"GENERAL01000006"}}
{"logTime": "0510/143935", "correlationVector":"ug4mPFalDsm3Uqkd1eACy4.2","action":"Commit Response", "result":"SYNCER_OK", "context":Result: SYNCER_OK. cV=ug4mPFalDsm3Uqkd1eACy4.0;server=GENERAL01000006;cloudType=Consumer;environment=Prod_SoutheastAsia_000j;migrationStage=NotStarted}
{"logTime": "0510/144552", "correlationVector":"EdSR05p/4e1PPykPdWc/G5","action":"Normal GetUpdate request", "result":"", "context":cV=EdSR05p/4e1PPykPdWc/G5
Notified types: Device Info}
{"logTime": "0510/144553", "correlationVector":"EdSR05p/4e1PPykPdWc/G5.1","action":"SyncServerConnectionManagerRequest", "result":"SYNC_SERVER_OK", "context":{"environment":"Prod_SoutheastAsia_000j", "migrationStage":"NotStarted", "server":"general0100001F"}}
{"logTime": "0510/144553", "correlationVector":"EdSR05p/4e1PPykPdWc/G5.2","action":"GetUpdates", "result":"DeleteReceived", "context":{"id":"58e50184-9674-4256-8bc2-02af8868dec7", "isDeleted:":"true", "version":"1679981011569"}}
{"logTime": "0510/144553", "correlationVector":"EdSR05p/4e1PPykPdWc/G5.3","action":"GetUpdates", "result":"DeleteReceived", "context":{"id":"5a314670-c543-40de-8406-2ee26fde6759", "isDeleted:":"true", "version":"1680093120053"}}
{"logTime": "0510/144553", "correlationVector":"EdSR05p/4e1PPykPdWc/G5.4","action":"GetUpdates", "result":"DeleteReceived", "context":{"id":"d06c9727-6433-4e3d-8767-b5cc2aa4dcad", "isDeleted:":"true", "version":"1680093120054"}}
{"logTime": "0510/144553", "correlationVector":"EdSR05p/4e1PPykPdWc/G5.5","action":"GetUpdates", "result":"DeleteReceived", "context":{"id":"5461bf30-7ddd-4974-9de3-188fcf92ec01", "isDeleted:":"true", "version":"1680166444521"}}
{"logTime": "0510/144553", "correlationVector":"EdSR05p/4e1PPykPdWc/G5.6","action":"GetUpdates", "result":"DeleteReceived", "context":{"id":"accbfd00-b75d-4f2d-b2bd-57e16f0bbf6d", "isDeleted:":"true", "version":"1680237027061"}}
{"logTime": "0510/144553", "correlationVector":"EdSR05p/4e1PPykPdWc/G5.7","action":"GetUpdates", "result":"DeleteReceived", "context":{"id":"b309cdb4-61d5-45b6-a16d-aebc6aed69a7", "isDeleted:":"true", "version":"1680490244485"}}
{"logTime": "0510/144553", "correlationVector":"EdSR05p/4e1PPykPdWc/G5.8","action":"GetUpdates", "result":"DeleteReceived", "context":{"id":"b49464c7-aea6-4e92-9834-76d49610f0ec", "isDeleted:":"true", "version":"1680490244486"}}
{"logTime": "0510/144553", "correlationVector":"EdSR05p/4e1PPykPdWc/G5.9","action":"GetUpdates", "result":"DeleteReceived", "context":{"id":"75f5658a-b1b1-4d57-a6cc-b2783a9af79c", "isDeleted:":"true", "version":"1681456138516"}}
{"logTime": "0510/144553", "correlationVector":"EdSR05p/4e1PPykPdWc/G5.10","action":"GetUpdates", "result":"DeleteReceived", "context":{"id":"ab31be2f-ffc3-4182-9848-6f23a65e782a", "isDeleted:":"true", "version":"1683204235538"}}
{"logTime": "0510/144553", "correlationVector":"EdSR05p/4e1PPykPdWc/G5.11","action":"GetUpdates", "result":"DeleteReceived", "context":{"id":"5f53b99b-6491-4376-bbc4-48cf3e925663", "isDeleted:":"true", "version":"1683204235539"}}
{"logTime": "0510/144553", "correlationVector":"EdSR05p/4e1PPykPdWc/G5.12","action":"GetUpdates", "result":"DeleteReceived", "context":{"id":"2710b8d5-14eb-49d3-9574-14fdf99431db", "isDeleted:":"true", "version":"1683204235540"}}
{"logTime": "0510/144553", "correlationVector":"EdSR05p/4e1PPykPdWc/G5.13","action":"GetUpdates", "result":"DeleteReceived", "context":{"id":"c8fa275d-cfd4-45d2-85a2-0c24592bd3a4", "isDeleted:":"true", "version":"1683611723332"}}
{"logTime": "0510/144553", "correlationVector":"EdSR05p/4e1PPykPdWc/G5.14","action":"GetUpdates", "result":"DeleteReceived", "context":{"id":"13017200-68b9-4b80-b18a-9c389c93880e", "isDeleted:":"true", "version":"1683621365765"}}
{"logTime": "0510/144553", "correlationVector":"EdSR05p/4e1PPykPdWc/G5.15","action":"GetUpdates", "result":"DeleteReceived", "context":{"id":"85645573-aa6b-4871-b3c5-5692980e458f", "isDeleted:":"true", "version":"1683621365767"}}
{"logTime": "0510/144553", "correlationVector":"EdSR05p/4e1PPykPdWc/G5.16","action":"GetUpdates", "result":"DeleteReceived", "context":{"id":"3a07d135-0a56-408d-bfe9-3807ebc22710", "isDeleted:":"true", "version":"1683621365768"}}
{"logTime": "0510/144553", "correlationVector":"EdSR05p/4e1PPykPdWc/G5.17","action":"GetUpdates", "result":"DeleteReceived", "context":{"id":"97955361-14d6-4b10-b44c-6439e1f18a71", "isDeleted:":"true", "version":"1683621365769"}}
{"logTime": "0510/144553", "correlationVector":"EdSR05p/4e1PPykPdWc/G5.18","action":"GetUpdates", "result":"DeleteReceived", "context":{"id":"8dbb42ee-d45d-472c-984d-5dc6e8bdedd5", "isDeleted:":"true", "version":"1683621365770"}}
{"logTime": "0510/144553", "correlationVector":"EdSR05p/4e1PPykPdWc/G5.19","action":"GetUpdates Response", "result":"SYNCER_OK", "context":Received 70 update(s). cV=EdSR05p/4e1PPykPdWc/G5.0;server=general0100001F;cloudType=Consumer;environment=Prod_SoutheastAsia_000j;migrationStage=NotStarted}
